  main.cpp
D:\PR\Project\Visual Studio\Button run\Button run\main.cpp(14,91): warning C4244: аргумент: преобразование "T" в "T", возможна потеря данных
          with
          [
              T=unsigned int
          ]
          and
          [
              T=float
          ]
D:\PR\Project\Visual Studio\Button run\Button run\main.cpp(14,58): warning C4244: аргумент: преобразование "double" в "T", возможна потеря данных
          with
          [
              T=float
          ]
D:\PR\Project\Visual Studio\Button run\Button run\main.cpp(18,90): warning C4244: аргумент: преобразование "T" в "T", возможна потеря данных
          with
          [
              T=unsigned int
          ]
          and
          [
              T=float
          ]
D:\PR\Project\Visual Studio\Button run\Button run\main.cpp(18,57): warning C4244: аргумент: преобразование "double" в "T", возможна потеря данных
          with
          [
              T=float
          ]
D:\PR\Project\Visual Studio\Button run\Button run\main.cpp(33,75): warning C4244: аргумент: преобразование "T" в "T", возможна потеря данных
          with
          [
              T=unsigned int
          ]
          and
          [
              T=float
          ]
D:\PR\Project\Visual Studio\Button run\Button run\main.cpp(33,51): warning C4244: аргумент: преобразование "T" в "T", возможна потеря данных
          with
          [
              T=unsigned int
          ]
          and
          [
              T=float
          ]
D:\PR\Project\Visual Studio\Button run\Button run\main.cpp(37,70): warning C4244: аргумент: преобразование "T" в "T", возможна потеря данных
          with
          [
              T=unsigned int
          ]
          and
          [
              T=float
          ]
D:\PR\Project\Visual Studio\Button run\Button run\main.cpp(37,46): warning C4244: аргумент: преобразование "T" в "T", возможна потеря данных
          with
          [
              T=unsigned int
          ]
          and
          [
              T=float
          ]
D:\PR\Project\Visual Studio\Button run\Button run\main.cpp(40,12): warning C4244: аргумент: преобразование "time_t" в "unsigned int", возможна потеря данных
D:\PR\Project\Visual Studio\Button run\Button run\main.cpp(56,77): warning C4244: аргумент: преобразование "T" в "T", возможна потеря данных
          with
          [
              T=int
          ]
          and
          [
              T=float
          ]
D:\PR\Project\Visual Studio\Button run\Button run\main.cpp(56,60): warning C4244: аргумент: преобразование "T" в "T", возможна потеря данных
          with
          [
              T=int
          ]
          and
          [
              T=float
          ]
D:\PR\Project\Visual Studio\Button run\Button run\main.cpp(63,74): warning C4244: аргумент: преобразование "T" в "T", возможна потеря данных
          with
          [
              T=int
          ]
          and
          [
              T=float
          ]
D:\PR\Project\Visual Studio\Button run\Button run\main.cpp(63,57): warning C4244: аргумент: преобразование "T" в "T", возможна потеря данных
          with
          [
              T=int
          ]
          and
          [
              T=float
          ]
D:\PR\Project\Visual Studio\Button run\Button run\main.cpp(65,47): warning C4244: аргумент: преобразование "int" в "float", возможна потеря данных
D:\PR\Project\Visual Studio\Button run\Button run\main.cpp(65,33): warning C4244: аргумент: преобразование "int" в "float", возможна потеря данных
  Создание кода
  Previous IPDB not found, fall back to full compilation.
  All 71 functions were compiled because no usable IPDB/IOBJ from previous compilation was found.
  Создание кода завершено
  Button run.vcxproj -> D:\PR\Project\Visual Studio\Button run\x64\Release\Button run.exe
